00:53:20,814 INFO  [org.jboss.weld.deployer] (MSC service thread 1-4) JBAS016009: Stopping weld service for deployment sandbox-jee6-ear.ear
00:53:20,824 INFO  [org.jboss.as.jpa] (MSC service thread 1-4) JBAS011403: Stopping Persistence Unit Service 'sandbox-jee6-ear.ear/sandbox-jee6-ejb-1.0-SNAPSHOT.jar#primary'
00:53:20,834 INFO  [org.jboss.as.server.deployment] (MSC service thread 1-9) JBAS015877: Stopped deployment sandbox-jee6-ear.ear in 23ms
00:53:20,834 INFO  [org.jboss.as.server.deployment] (MSC service thread 1-1) JBAS015876: Starting deployment of "sandbox-jee6-ear.ear"
00:53:21,005 INFO  [org.jboss.weld.deployer] (MSC service thread 1-6) JBAS016002: Processing weld deployment sandbox-jee6-ear.ear
00:53:21,005 INFO  [org.jboss.as.ejb3.deployment.processors.EjbJndiBindingsDeploymentUnitProcessor] (MSC service thread 1-6) JNDI bindings for session bean named ApplicationInitServiceImpl in deployment unit subdeployment "sandbox-jee6-ejb-1.0-SNAPSHOT.jar" of deployment "sandbox-jee6-ear.ear" are as follows:
00:53:21,025 INFO  [org.jboss.weld.deployer] (MSC service thread 1-7) JBAS016005: Starting Services for CDI deployment: sandbox-jee6-ear.ear
00:53:21,035 INFO  [org.jboss.as.jpa] (MSC service thread 1-8) JBAS011402: Starting Persistence Unit Service 'sandbox-jee6-ear.ear/sandbox-jee6-ejb-1.0-SNAPSHOT.jar#primary'
00:53:21,055 INFO  [org.jboss.weld.deployer] (MSC service thread 1-9) JBAS016008: Starting weld service for deployment sandbox-jee6-ear.ear
00:53:21,105 ERROR [org.jboss.msc.service.fail] (MSC service thread 1-9) MSC00001: Failed to start service jboss.deployment.unit."sandbox-jee6-ear.ear".WeldService: org.jboss.msc.service.StartException in service jboss.deployment.unit."sandbox-jee6-ear.ear".WeldService: org.jboss.weld.exceptions.DefinitionException: WELD-000088 Observer method must be static or local business method:  [method] public com.notatracer.service.impl.ApplicationInitServiceImpl.handle(BarEvent) on public@Singleton @Startup class com.notatracer.service.impl.ApplicationInitServiceImpl
00:53:21,305 INFO  [org.jboss.as.jpa] (MSC service thread 1-13) JBAS011403: Stopping Persistence Unit Service 'sandbox-jee6-ear.ear/sandbox-jee6-ejb-1.0-SNAPSHOT.jar#primary'
00:53:21,315 INFO  [org.jboss.as.server.deployment] (MSC service thread 1-3) JBAS015877: Stopped deployment sandbox-jee6-ear.ear in 12ms
00:53:21,315 INFO  [org.jboss.as.server.deployment] (MSC service thread 1-7) JBAS015876: Starting deployment of "sandbox-jee6-ear.ear"
00:53:21,315 INFO  [org.jboss.as.server] (DeploymentScanner-threads - 1) JBAS015863: Replacement of deployment "sandbox-jee6-ear.ear" by deployment "sandbox-jee6-ear.ear" was rolled back with failure message {"JBAS014671: Failed services" => {"jboss.deployment.unit.\"sandbox-jee6-ear.ear\".WeldService" => "org.jboss.msc.service.StartException in service jboss.deployment.unit.\"sandbox-jee6-ear.ear\".WeldService: org.jboss.weld.exceptions.DefinitionException: WELD-000088 Observer method must be static or local business method:  [method] public com.notatracer.service.impl.ApplicationInitServiceImpl.handle(BarEvent) on public@Singleton @Startup class com.notatracer.service.impl.ApplicationInitServiceImpl"}}
00:53:21,425 INFO  [org.jboss.weld.deployer] (MSC service thread 1-10) JBAS016002: Processing weld deployment sandbox-jee6-ear.ear
00:53:21,435 INFO  [org.jboss.as.ejb3.deployment.processors.EjbJndiBindingsDeploymentUnitProcessor] (MSC service thread 1-7) JNDI bindings for session bean named ApplicationInitServiceImpl in deployment unit subdeployment "sandbox-jee6-ejb-1.0-SNAPSHOT.jar" of deployment "sandbox-jee6-ear.ear" are as follows:
00:53:21,445 INFO  [org.jboss.weld.deployer] (MSC service thread 1-3) JBAS016005: Starting Services for CDI deployment: sandbox-jee6-ear.ear
00:53:21,455 INFO  [org.jboss.as.jpa] (MSC service thread 1-13) JBAS011402: Starting Persistence Unit Service 'sandbox-jee6-ear.ear/sandbox-jee6-ejb-1.0-SNAPSHOT.jar#primary'
00:53:21,465 INFO  [org.jboss.weld.deployer] (MSC service thread 1-13) JBAS016008: Starting weld service for deployment sandbox-jee6-ear.ear
00:53:21,505 ERROR [org.jboss.msc.service.fail] (MSC service thread 1-13) MSC00001: Failed to start service jboss.deployment.unit."sandbox-jee6-ear.ear".WeldService: org.jboss.msc.service.StartException in service jboss.deployment.unit."sandbox-jee6-ear.ear".WeldService: org.jboss.weld.exceptions.DefinitionException: WELD-000088 Observer method must be static or local business method:  [method] public com.notatracer.service.impl.ApplicationInitServiceImpl.handle(BarEvent) on public@Singleton @Startup class com.notatracer.service.impl.ApplicationInitServiceImpl
JBAS014777:   Services which failed to start:      service jboss.deployment.unit."sandbox-jee6-ear.ear".WeldService: org.jboss.msc.service.StartException in service jboss.deployment.unit."sandbox-jee6-ear.ear".WeldService: org.jboss.weld.exceptions.DefinitionException: WELD-000088 Observer method must be static or local business method:  [method] public com.notatracer.service.impl.ApplicationInitServiceImpl.handle(BarEvent) on public@Singleton @Startup class com.notatracer.service.impl.ApplicationInitServiceImpl
00:53:39,102 INFO  [org.jboss.as.server.deployment.scanner] (DeploymentScanner-threads - 1) JBAS015014: Re-attempting failed deployment sandbox-jee6-ear.ear
00:53:39,114 INFO  [org.jboss.as.server.deployment.scanner] (DeploymentScanner-threads - 1) JBAS015003: Found sandbox-jee6-ear.ear in deployment directory. To trigger deployment create a file called sandbox-jee6-ear.ear.dodeploy
00:53:39,573 INFO  [org.jboss.as.server.deployment] (MSC service thread 1-14) JBAS015876: Starting deployment of "sandbox-jee6-ear.ear"
00:53:39,944 INFO  [org.jboss.weld.deployer] (MSC service thread 1-6) JBAS016002: Processing weld deployment sandbox-jee6-ear.ear
00:53:39,984 INFO  [org.jboss.as.ejb3.deployment.processors.EjbJndiBindingsDeploymentUnitProcessor] (MSC service thread 1-9) JNDI bindings for session bean named ApplicationInitServiceImpl in deployment unit subdeployment "sandbox-jee6-ejb-1.0-SNAPSHOT.jar" of deployment "sandbox-jee6-ear.ear" are as follows:
00:53:40,114 INFO  [org.jboss.weld.deployer] (MSC service thread 1-16) JBAS016005: Starting Services for CDI deployment: sandbox-jee6-ear.ear
00:53:40,214 INFO  [org.jboss.as.jpa] (MSC service thread 1-10) JBAS011402: Starting Persistence Unit Service 'sandbox-jee6-ear.ear/sandbox-jee6-ejb-1.0-SNAPSHOT.jar#primary'
00:53:40,725 INFO  [org.jboss.weld.deployer] (MSC service thread 1-4) JBAS016008: Starting weld service for deployment sandbox-jee6-ear.ear
00:53:40,955 ERROR [org.jboss.msc.service.fail] (MSC service thread 1-4) MSC00001: Failed to start service jboss.deployment.unit."sandbox-jee6-ear.ear".WeldService: org.jboss.msc.service.StartException in service jboss.deployment.unit."sandbox-jee6-ear.ear".WeldService: org.jboss.weld.exceptions.DefinitionException: WELD-000088 Observer method must be static or local business method:  [method] public com.notatracer.service.impl.ApplicationInitServiceImpl.handle(BarEvent) on public@Singleton @Startup class com.notatracer.service.impl.ApplicationInitServiceImpl
00:53:41,165 INFO  [org.jboss.as.server] (DeploymentScanner-threads - 2) JBAS015870: Deploy of deployment "sandbox-jee6-ear.ear" was rolled back with failure message {"JBAS014671: Failed services" => {"jboss.deployment.unit.\"sandbox-jee6-ear.ear\".WeldService" => "org.jboss.msc.service.StartException in service jboss.deployment.unit.\"sandbox-jee6-ear.ear\".WeldService: org.jboss.weld.exceptions.DefinitionException: WELD-000088 Observer method must be static or local business method:  [method] public com.notatracer.service.impl.ApplicationInitServiceImpl.handle(BarEvent) on public@Singleton @Startup class com.notatracer.service.impl.ApplicationInitServiceImpl"}}
00:53:41,165 INFO  [org.jboss.as.jpa] (MSC service thread 1-15) JBAS011403: Stopping Persistence Unit Service 'sandbox-jee6-ear.ear/sandbox-jee6-ejb-1.0-SNAPSHOT.jar#primary'
00:53:41,185 INFO  [org.jboss.as.server.deployment] (MSC service thread 1-2) JBAS015877: Stopped deployment sandbox-jee6-ear.ear in 18ms
JBAS014777:   Services which failed to start:      service jboss.deployment.unit."sandbox-jee6-ear.ear".WeldService: org.jboss.msc.service.StartException in service jboss.deployment.unit."sandbox-jee6-ear.ear".WeldService: org.jboss.weld.exceptions.DefinitionException: WELD-000088 Observer method must be static or local business method:  [method] public com.notatracer.service.impl.ApplicationInitServiceImpl.handle(BarEvent) on public@Singleton @Startup class com.notatracer.service.impl.ApplicationInitServiceImpl
00:53:41,185 ERROR [org.jboss.as.server.deployment.scanner] (DeploymentScanner-threads - 1) {"JBAS014653: Composite operation failed and was rolled back. Steps that failed:" => {"Operation step-2" => {"JBAS014671: Failed services" => {"jboss.deployment.unit.\"sandbox-jee6-ear.ear\".WeldService" => "org.jboss.msc.service.StartException in service jboss.deployment.unit.\"sandbox-jee6-ear.ear\".WeldService: org.jboss.weld.exceptions.DefinitionException: WELD-000088 Observer method must be static or local business method:  [method] public com.notatracer.service.impl.ApplicationInitServiceImpl.handle(BarEvent) on public@Singleton @Startup class com.notatracer.service.impl.ApplicationInitServiceImpl"}}}}
00:55:00,258 INFO  [org.jboss.as.server.deployment.scanner] (DeploymentScanner-threads - 1) JBAS015003: Found sandbox-jee6-ear.ear in deployment directory. To trigger deployment create a file called sandbox-jee6-ear.ear.dodeploy
00:55:00,588 INFO  [org.jboss.as.server.deployment] (MSC service thread 1-5) JBAS015876: Starting deployment of "sandbox-jee6-ear.ear"
00:55:01,109 INFO  [org.jboss.weld.deployer] (MSC service thread 1-5) JBAS016002: Processing weld deployment sandbox-jee6-ear.ear
00:55:01,149 INFO  [org.jboss.as.ejb3.deployment.processors.EjbJndiBindingsDeploymentUnitProcessor] (MSC service thread 1-8) JNDI bindings for session bean named ApplicationInitServiceImpl in deployment unit subdeployment "sandbox-jee6-ejb-1.0-SNAPSHOT.jar" of deployment "sandbox-jee6-ear.ear" are as follows:
00:55:01,279 INFO  [org.jboss.weld.deployer] (MSC service thread 1-15) JBAS016005: Starting Services for CDI deployment: sandbox-jee6-ear.ear
00:55:01,379 INFO  [org.jboss.as.jpa] (MSC service thread 1-6) JBAS011402: Starting Persistence Unit Service 'sandbox-jee6-ear.ear/sandbox-jee6-ejb-1.0-SNAPSHOT.jar#primary'
00:55:01,859 INFO  [org.jboss.weld.deployer] (MSC service thread 1-13) JBAS016008: Starting weld service for deployment sandbox-jee6-ear.ear
00:55:08,270 INFO  [org.jboss.as.server] (DeploymentScanner-threads - 2) JBAS015870: Deploy of deployment "sandbox-jee6-ear.ear" was rolled back with failure message Operation cancelled
00:55:23,902 ERROR [org.jboss.msc.service.fail] (MSC service thread 1-10) MSC00001: Failed to start service jboss.deployment.subunit."sandbox-jee6-ear.ear"."sandbox-jee6-ejb-1.0-SNAPSHOT.jar".component.ApplicationInitServiceImpl.START: org.jboss.msc.service.StartException in service jboss.deployment.subunit."sandbox-jee6-ear.ear"."sandbox-jee6-ejb-1.0-SNAPSHOT.jar".component.ApplicationInitServiceImpl.START: Failed to start service
00:55:23,932 INFO  [org.jboss.weld.deployer] (MSC service thread 1-13) JBAS016009: Stopping weld service for deployment sandbox-jee6-ear.ear
00:55:23,932 INFO  [org.jboss.as.jpa] (MSC service thread 1-4) JBAS011403: Stopping Persistence Unit Service 'sandbox-jee6-ear.ear/sandbox-jee6-ejb-1.0-SNAPSHOT.jar#primary'
00:55:23,942 INFO  [org.jboss.as.server.deployment] (MSC service thread 1-9) JBAS015877: Stopped deployment sandbox-jee6-ear.ear in 15679ms
00:56:07,833 INFO  [org.jboss.as.server.deployment.scanner] (DeploymentScanner-threads - 1) JBAS015003: Found sandbox-jee6-ear.ear in deployment directory. To trigger deployment create a file called sandbox-jee6-ear.ear.dodeploy
00:57:05,691 INFO  [org.jboss.as.server.deployment.scanner] (DeploymentScanner-threads - 1) JBAS015003: Found sandbox-jee6-ear.ear in deployment directory. To trigger deployment create a file called sandbox-jee6-ear.ear.dodeploy
00:57:06,141 INFO  [org.jboss.as.server.deployment] (MSC service thread 1-16) JBAS015876: Starting deployment of "sandbox-jee6-ear.ear"
00:57:06,502 INFO  [org.jboss.weld.deployer] (MSC service thread 1-6) JBAS016002: Processing weld deployment sandbox-jee6-ear.ear
00:57:06,542 INFO  [org.jboss.as.ejb3.deployment.processors.EjbJndiBindingsDeploymentUnitProcessor] (MSC service thread 1-10) JNDI bindings for session bean named ApplicationInitServiceImpl in deployment unit subdeployment "sandbox-jee6-ejb-1.0-SNAPSHOT.jar" of deployment "sandbox-jee6-ear.ear" are as follows:
00:57:06,702 INFO  [org.jboss.weld.deployer] (MSC service thread 1-9) JBAS016005: Starting Services for CDI deployment: sandbox-jee6-ear.ear
00:57:06,802 INFO  [org.jboss.as.jpa] (MSC service thread 1-7) JBAS011402: Starting Persistence Unit Service 'sandbox-jee6-ear.ear/sandbox-jee6-ejb-1.0-SNAPSHOT.jar#primary'
00:57:07,293 INFO  [org.jboss.weld.deployer] (MSC service thread 1-4) JBAS016008: Starting weld service for deployment sandbox-jee6-ear.ear
00:57:13,708 INFO  [org.jboss.as.server] (DeploymentScanner-threads - 2) JBAS015870: Deploy of deployment "sandbox-jee6-ear.ear" was rolled back with failure message Operation cancelled
00:57:18,958 ERROR [org.jboss.msc.service.fail] (MSC service thread 1-12) MSC00001: Failed to start service jboss.deployment.subunit."sandbox-jee6-ear.ear"."sandbox-jee6-ejb-1.0-SNAPSHOT.jar".component.ApplicationInitServiceImpl.START: org.jboss.msc.service.StartException in service jboss.deployment.subunit."sandbox-jee6-ear.ear"."sandbox-jee6-ejb-1.0-SNAPSHOT.jar".component.ApplicationInitServiceImpl.START: Failed to start service
00:57:18,989 INFO  [org.jboss.weld.deployer] (MSC service thread 1-7) JBAS016009: Stopping weld service for deployment sandbox-jee6-ear.ear
00:57:18,999 INFO  [org.jboss.as.jpa] (MSC service thread 1-1) JBAS011403: Stopping Persistence Unit Service 'sandbox-jee6-ear.ear/sandbox-jee6-ejb-1.0-SNAPSHOT.jar#primary'
00:57:19,009 INFO  [org.jboss.as.server.deployment] (MSC service thread 1-7) JBAS015877: Stopped deployment sandbox-jee6-ear.ear in 5301ms
00:57:51,550 INFO  [org.jboss.as.server.deployment.scanner] (DeploymentScanner-threads - 1) JBAS015014: Re-attempting failed deployment sandbox-jee6-ear.ear
00:57:51,552 INFO  [org.jboss.as.server.deployment.scanner] (DeploymentScanner-threads - 1) JBAS015003: Found sandbox-jee6-ear.ear in deployment directory. To trigger deployment create a file called sandbox-jee6-ear.ear.dodeploy
00:57:52,174 INFO  [org.jboss.as.server.deployment] (MSC service thread 1-3) JBAS015876: Starting deployment of "sandbox-jee6-ear.ear"
00:57:52,554 INFO  [org.jboss.weld.deployer] (MSC service thread 1-5) JBAS016002: Processing weld deployment sandbox-jee6-ear.ear
00:57:52,584 INFO  [org.jboss.as.ejb3.deployment.processors.EjbJndiBindingsDeploymentUnitProcessor] (MSC service thread 1-3) JNDI bindings for session bean named ApplicationInitServiceImpl in deployment unit subdeployment "sandbox-jee6-ejb-1.0-SNAPSHOT.jar" of deployment "sandbox-jee6-ear.ear" are as follows:
00:57:52,744 INFO  [org.jboss.weld.deployer] (MSC service thread 1-2) JBAS016005: Starting Services for CDI deployment: sandbox-jee6-ear.ear
00:57:52,844 INFO  [org.jboss.as.jpa] (MSC service thread 1-8) JBAS011402: Starting Persistence Unit Service 'sandbox-jee6-ear.ear/sandbox-jee6-ejb-1.0-SNAPSHOT.jar#primary'
00:57:53,335 INFO  [org.jboss.weld.deployer] (MSC service thread 1-6) JBAS016008: Starting weld service for deployment sandbox-jee6-ear.ear
00:57:56,750 ERROR [org.jboss.msc.service.fail] (MSC service thread 1-6) MSC00001: Failed to start service jboss.deployment.subunit."sandbox-jee6-ear.ear"."sandbox-jee6-ejb-1.0-SNAPSHOT.jar".component.ApplicationInitServiceImpl.START: org.jboss.msc.service.StartException in service jboss.deployment.subunit."sandbox-jee6-ear.ear"."sandbox-jee6-ejb-1.0-SNAPSHOT.jar".component.ApplicationInitServiceImpl.START: Failed to start service
00:57:56,781 INFO  [org.jboss.as.server] (DeploymentScanner-threads - 2) JBAS015870: Deploy of deployment "sandbox-jee6-ear.ear" was rolled back with failure message {"JBAS014671: Failed services" => {"jboss.deployment.subunit.\"sandbox-jee6-ear.ear\".\"sandbox-jee6-ejb-1.0-SNAPSHOT.jar\".component.ApplicationInitServiceImpl.START" => "org.jboss.msc.service.StartException in service jboss.deployment.subunit.\"sandbox-jee6-ear.ear\".\"sandbox-jee6-ejb-1.0-SNAPSHOT.jar\".component.ApplicationInitServiceImpl.START: Failed to start service"}}
00:57:56,791 INFO  [org.jboss.weld.deployer] (MSC service thread 1-12) JBAS016009: Stopping weld service for deployment sandbox-jee6-ear.ear
00:57:56,801 INFO  [org.jboss.as.jpa] (MSC service thread 1-6) JBAS011403: Stopping Persistence Unit Service 'sandbox-jee6-ear.ear/sandbox-jee6-ejb-1.0-SNAPSHOT.jar#primary'
00:57:56,811 INFO  [org.jboss.as.server.deployment] (MSC service thread 1-4) JBAS015877: Stopped deployment sandbox-jee6-ear.ear in 34ms
JBAS014777:   Services which failed to start:      service jboss.deployment.subunit."sandbox-jee6-ear.ear"."sandbox-jee6-ejb-1.0-SNAPSHOT.jar".component.ApplicationInitServiceImpl.START: org.jboss.msc.service.StartException in service jboss.deployment.subunit."sandbox-jee6-ear.ear"."sandbox-jee6-ejb-1.0-SNAPSHOT.jar".component.ApplicationInitServiceImpl.START: Failed to start service
00:57:56,821 ERROR [org.jboss.as.server.deployment.scanner] (DeploymentScanner-threads - 1) {"JBAS014653: Composite operation failed and was rolled back. Steps that failed:" => {"Operation step-2" => {"JBAS014671: Failed services" => {"jboss.deployment.subunit.\"sandbox-jee6-ear.ear\".\"sandbox-jee6-ejb-1.0-SNAPSHOT.jar\".component.ApplicationInitServiceImpl.START" => "org.jboss.msc.service.StartException in service jboss.deployment.subunit.\"sandbox-jee6-ear.ear\".\"sandbox-jee6-ejb-1.0-SNAPSHOT.jar\".component.ApplicationInitServiceImpl.START: Failed to start service"}}}}
00:58:36,021 INFO  [org.jboss.as.server.deployment.scanner] (DeploymentScanner-threads - 1) JBAS015003: Found sandbox-jee6-ear.ear in deployment directory. To trigger deployment create a file called sandbox-jee6-ear.ear.dodeploy
00:58:36,463 INFO  [org.jboss.as.server.deployment] (MSC service thread 1-3) JBAS015876: Starting deployment of "sandbox-jee6-ear.ear"
00:58:36,824 INFO  [org.jboss.weld.deployer] (MSC service thread 1-12) JBAS016002: Processing weld deployment sandbox-jee6-ear.ear
00:58:36,854 INFO  [org.jboss.as.ejb3.deployment.processors.EjbJndiBindingsDeploymentUnitProcessor] (MSC service thread 1-16) JNDI bindings for session bean named ApplicationInitServiceImpl in deployment unit subdeployment "sandbox-jee6-ejb-1.0-SNAPSHOT.jar" of deployment "sandbox-jee6-ear.ear" are as follows:
00:58:37,014 INFO  [org.jboss.weld.deployer] (MSC service thread 1-10) JBAS016005: Starting Services for CDI deployment: sandbox-jee6-ear.ear
00:58:37,124 INFO  [org.jboss.as.jpa] (MSC service thread 1-7) JBAS011402: Starting Persistence Unit Service 'sandbox-jee6-ear.ear/sandbox-jee6-ejb-1.0-SNAPSHOT.jar#primary'
00:58:37,605 INFO  [org.jboss.weld.deployer] (MSC service thread 1-5) JBAS016008: Starting weld service for deployment sandbox-jee6-ear.ear
00:58:44,037 INFO  [org.jboss.as.server] (DeploymentScanner-threads - 2) JBAS015870: Deploy of deployment "sandbox-jee6-ear.ear" was rolled back with failure message Operation cancelled
01:02:05,710 INFO  [org.jboss.as.server.deployment.scanner] (DeploymentScanner-threads - 1) JBAS015003: Found sandbox-jee6-ear.ear in deployment directory. To trigger deployment create a file called sandbox-jee6-ear.ear.dodeploy
01:02:06,181 INFO  [org.jboss.as.server.deployment] (MSC service thread 1-2) JBAS015876: Starting deployment of "sandbox-jee6-ear.ear"
01:02:06,552 INFO  [org.jboss.weld.deployer] (MSC service thread 1-9) JBAS016002: Processing weld deployment sandbox-jee6-ear.ear
01:02:06,582 INFO  [org.jboss.as.ejb3.deployment.processors.EjbJndiBindingsDeploymentUnitProcessor] (MSC service thread 1-9) JNDI bindings for session bean named ApplicationInitServiceImpl in deployment unit subdeployment "sandbox-jee6-ejb-1.0-SNAPSHOT.jar" of deployment "sandbox-jee6-ear.ear" are as follows:
01:02:06,742 INFO  [org.jboss.weld.deployer] (MSC service thread 1-1) JBAS016005: Starting Services for CDI deployment: sandbox-jee6-ear.ear
01:02:06,842 INFO  [org.jboss.as.jpa] (MSC service thread 1-10) JBAS011402: Starting Persistence Unit Service 'sandbox-jee6-ear.ear/sandbox-jee6-ejb-1.0-SNAPSHOT.jar#primary'
01:02:07,332 INFO  [org.jboss.weld.deployer] (MSC service thread 1-12) JBAS016008: Starting weld service for deployment sandbox-jee6-ear.ear
01:02:13,723 INFO  [org.jboss.as.server] (DeploymentScanner-threads - 2) JBAS015870: Deploy of deployment "sandbox-jee6-ear.ear" was rolled back with failure message Operation cancelled
01:02:27,535 INFO  [org.jboss.weld.deployer] (MSC service thread 1-2) JBAS016009: Stopping weld service for deployment sandbox-jee6-ear.ear
01:02:27,535 INFO  [org.jboss.as.jpa] (MSC service thread 1-2) JBAS011403: Stopping Persistence Unit Service 'sandbox-jee6-ear.ear/sandbox-jee6-ejb-1.0-SNAPSHOT.jar#primary'
01:02:27,545 INFO  [org.jboss.as.server.deployment] (MSC service thread 1-8) JBAS015877: Stopped deployment sandbox-jee6-ear.ear in 13828ms
01:04:12,966 INFO  [org.jboss.as.server.deployment.scanner] (DeploymentScanner-threads - 1) JBAS015003: Found sandbox-jee6-ear.ear in deployment directory. To trigger deployment create a file called sandbox-jee6-ear.ear.dodeploy
01:07:21,374 INFO  [org.jboss.as.server.deployment.scanner] (DeploymentScanner-threads - 1) JBAS015003: Found sandbox-jee6-ear.ear in deployment directory. To trigger deployment create a file called sandbox-jee6-ear.ear.dodeploy
01:07:21,836 INFO  [org.jboss.as.server.deployment] (MSC service thread 1-3) JBAS015876: Starting deployment of "sandbox-jee6-ear.ear"
01:07:22,207 INFO  [org.jboss.weld.deployer] (MSC service thread 1-12) JBAS016002: Processing weld deployment sandbox-jee6-ear.ear
01:07:22,247 INFO  [org.jboss.as.ejb3.deployment.processors.EjbJndiBindingsDeploymentUnitProcessor] (MSC service thread 1-13) JNDI bindings for session bean named ApplicationInitServiceImpl in deployment unit subdeployment "sandbox-jee6-ejb-1.0-SNAPSHOT.jar" of deployment "sandbox-jee6-ear.ear" are as follows:
01:07:22,387 INFO  [org.jboss.weld.deployer] (MSC service thread 1-5) JBAS016005: Starting Services for CDI deployment: sandbox-jee6-ear.ear
01:07:22,497 INFO  [org.jboss.as.jpa] (MSC service thread 1-16) JBAS011402: Starting Persistence Unit Service 'sandbox-jee6-ear.ear/sandbox-jee6-ejb-1.0-SNAPSHOT.jar#primary'
01:07:22,988 INFO  [org.jboss.weld.deployer] (MSC service thread 1-9) JBAS016008: Starting weld service for deployment sandbox-jee6-ear.ear
01:07:26,093 INFO  [org.jboss.as.server] (DeploymentScanner-threads - 2) JBAS018559: Deployed "sandbox-jee6-ear.ear"
01:10:16,433 INFO  [org.jboss.weld.deployer] (MSC service thread 1-11) JBAS016009: Stopping weld service for deployment sandbox-jee6-ear.ear
01:10:16,443 INFO  [org.jboss.as.jpa] (MSC service thread 1-6) JBAS011403: Stopping Persistence Unit Service 'sandbox-jee6-ear.ear/sandbox-jee6-ejb-1.0-SNAPSHOT.jar#primary'
01:10:16,443 INFO  [org.jboss.as.server.deployment] (MSC service thread 1-14) JBAS015877: Stopped deployment sandbox-jee6-ear.ear in 26ms
01:10:16,454 INFO  [org.jboss.as.server.deployment] (MSC service thread 1-10) JBAS015876: Starting deployment of "sandbox-jee6-ear.ear"
01:10:16,654 INFO  [org.jboss.weld.deployer] (MSC service thread 1-16) JBAS016002: Processing weld deployment sandbox-jee6-ear.ear
01:10:16,674 INFO  [org.jboss.as.ejb3.deployment.processors.EjbJndiBindingsDeploymentUnitProcessor] (MSC service thread 1-16) JNDI bindings for session bean named Foo in deployment unit subdeployment "sandbox-jee6-ejb-1.0-SNAPSHOT.jar" of deployment "sandbox-jee6-ear.ear" are as follows:
01:10:16,684 INFO  [org.jboss.as.ejb3.deployment.processors.EjbJndiBindingsDeploymentUnitProcessor] (MSC service thread 1-16) JNDI bindings for session bean named ApplicationInitServiceImpl in deployment unit subdeployment "sandbox-jee6-ejb-1.0-SNAPSHOT.jar" of deployment "sandbox-jee6-ear.ear" are as follows:
01:10:16,694 INFO  [org.jboss.weld.deployer] (MSC service thread 1-9) JBAS016005: Starting Services for CDI deployment: sandbox-jee6-ear.ear
01:10:16,734 INFO  [org.jboss.as.jpa] (MSC service thread 1-12) JBAS011402: Starting Persistence Unit Service 'sandbox-jee6-ear.ear/sandbox-jee6-ejb-1.0-SNAPSHOT.jar#primary'
01:10:16,764 INFO  [org.jboss.weld.deployer] (MSC service thread 1-12) JBAS016008: Starting weld service for deployment sandbox-jee6-ear.ear
01:10:19,985 INFO  [org.jboss.as.server] (DeploymentScanner-threads - 1) JBAS018565: Replaced deployment "sandbox-jee6-ear.ear" with deployment "sandbox-jee6-ear.ear"
01:11:15,093 INFO  [org.jboss.weld.deployer] (MSC service thread 1-14) JBAS016009: Stopping weld service for deployment sandbox-jee6-ear.ear
01:11:15,103 INFO  [org.jboss.as.jpa] (MSC service thread 1-2) JBAS011403: Stopping Persistence Unit Service 'sandbox-jee6-ear.ear/sandbox-jee6-ejb-1.0-SNAPSHOT.jar#primary'
01:11:15,114 INFO  [org.jboss.as.server.deployment] (MSC service thread 1-2) JBAS015877: Stopped deployment sandbox-jee6-ear.ear in 22ms
01:11:15,114 INFO  [org.jboss.as.server.deployment] (MSC service thread 1-2) JBAS015876: Starting deployment of "sandbox-jee6-ear.ear"
01:11:15,254 INFO  [org.jboss.weld.deployer] (MSC service thread 1-5) JBAS016002: Processing weld deployment sandbox-jee6-ear.ear
01:11:15,264 INFO  [org.jboss.as.ejb3.deployment.processors.EjbJndiBindingsDeploymentUnitProcessor] (MSC service thread 1-7) JNDI bindings for session bean named Foo in deployment unit subdeployment "sandbox-jee6-ejb-1.0-SNAPSHOT.jar" of deployment "sandbox-jee6-ear.ear" are as follows:
01:11:15,274 INFO  [org.jboss.as.ejb3.deployment.processors.EjbJndiBindingsDeploymentUnitProcessor] (MSC service thread 1-7) JNDI bindings for session bean named ApplicationInitServiceImpl in deployment unit subdeployment "sandbox-jee6-ejb-1.0-SNAPSHOT.jar" of deployment "sandbox-jee6-ear.ear" are as follows:
01:11:15,284 INFO  [org.jboss.weld.deployer] (MSC service thread 1-7) JBAS016005: Starting Services for CDI deployment: sandbox-jee6-ear.ear
01:11:15,304 INFO  [org.jboss.as.jpa] (MSC service thread 1-6) JBAS011402: Starting Persistence Unit Service 'sandbox-jee6-ear.ear/sandbox-jee6-ejb-1.0-SNAPSHOT.jar#primary'
01:11:15,324 INFO  [org.jboss.weld.deployer] (MSC service thread 1-13) JBAS016008: Starting weld service for deployment sandbox-jee6-ear.ear
01:11:16,275 INFO  [org.jboss.as.server] (DeploymentScanner-threads - 1) JBAS018565: Replaced deployment "sandbox-jee6-ear.ear" with deployment "sandbox-jee6-ear.ear"
01:12:12,001 INFO  [org.jboss.as.server.deployment.scanner] (DeploymentScanner-threads - 1) JBAS015003: Found sandbox-jee6-ear.ear in deployment directory. To trigger deployment create a file called sandbox-jee6-ear.ear.dodeploy
01:12:12,221 INFO  [org.jboss.as.server.deployment] (MSC service thread 1-12) JBAS015876: Starting deployment of "sandbox-jee6-ear.ear"
01:12:12,612 INFO  [org.jboss.weld.deployer] (MSC service thread 1-3) JBAS016002: Processing weld deployment sandbox-jee6-ear.ear
01:12:12,652 INFO  [org.jboss.as.ejb3.deployment.processors.EjbJndiBindingsDeploymentUnitProcessor] (MSC service thread 1-1) JNDI bindings for session bean named Foo in deployment unit subdeployment "sandbox-jee6-ejb-1.0-SNAPSHOT.jar" of deployment "sandbox-jee6-ear.ear" are as follows:
01:12:12,662 INFO  [org.jboss.as.ejb3.deployment.processors.EjbJndiBindingsDeploymentUnitProcessor] (MSC service thread 1-1) JNDI bindings for session bean named ApplicationInitServiceImpl in deployment unit subdeployment "sandbox-jee6-ejb-1.0-SNAPSHOT.jar" of deployment "sandbox-jee6-ear.ear" are as follows:
01:12:12,802 INFO  [org.jboss.weld.deployer] (MSC service thread 1-13) JBAS016005: Starting Services for CDI deployment: sandbox-jee6-ear.ear
01:12:12,922 INFO  [org.jboss.as.jpa] (MSC service thread 1-7) JBAS011402: Starting Persistence Unit Service 'sandbox-jee6-ear.ear/sandbox-jee6-ejb-1.0-SNAPSHOT.jar#primary'
01:12:13,432 INFO  [org.jboss.weld.deployer] (MSC service thread 1-16) JBAS016008: Starting weld service for deployment sandbox-jee6-ear.ear
01:12:15,834 INFO  [org.jboss.as.server] (DeploymentScanner-threads - 2) JBAS018559: Deployed "sandbox-jee6-ear.ear"
01:12:55,942 INFO  [org.jboss.weld.deployer] (MSC service thread 1-4) JBAS016009: Stopping weld service for deployment sandbox-jee6-ear.ear
01:12:55,952 INFO  [org.jboss.as.jpa] (MSC service thread 1-1) JBAS011403: Stopping Persistence Unit Service 'sandbox-jee6-ear.ear/sandbox-jee6-ejb-1.0-SNAPSHOT.jar#primary'
01:12:55,972 INFO  [org.jboss.as.server.deployment] (MSC service thread 1-16) JBAS015877: Stopped deployment sandbox-jee6-ear.ear in 39ms
01:12:55,972 INFO  [org.jboss.as.server.deployment] (MSC service thread 1-9) JBAS015876: Starting deployment of "sandbox-jee6-ear.ear"
01:12:56,193 INFO  [org.jboss.weld.deployer] (MSC service thread 1-13) JBAS016002: Processing weld deployment sandbox-jee6-ear.ear
01:12:56,203 INFO  [org.jboss.as.ejb3.deployment.processors.EjbJndiBindingsDeploymentUnitProcessor] (MSC service thread 1-13) JNDI bindings for session bean named Foo in deployment unit subdeployment "sandbox-jee6-ejb-1.0-SNAPSHOT.jar" of deployment "sandbox-jee6-ear.ear" are as follows:
01:12:56,213 INFO  [org.jboss.as.ejb3.deployment.processors.EjbJndiBindingsDeploymentUnitProcessor] (MSC service thread 1-13) JNDI bindings for session bean named ApplicationInitServiceImpl in deployment unit subdeployment "sandbox-jee6-ejb-1.0-SNAPSHOT.jar" of deployment "sandbox-jee6-ear.ear" are as follows:
01:12:56,233 INFO  [org.jboss.weld.deployer] (MSC service thread 1-12) JBAS016005: Starting Services for CDI deployment: sandbox-jee6-ear.ear
01:12:56,263 INFO  [org.jboss.as.jpa] (MSC service thread 1-1) JBAS011402: Starting Persistence Unit Service 'sandbox-jee6-ear.ear/sandbox-jee6-ejb-1.0-SNAPSHOT.jar#primary'
01:12:56,283 INFO  [org.jboss.weld.deployer] (MSC service thread 1-12) JBAS016008: Starting weld service for deployment sandbox-jee6-ear.ear
01:12:57,256 INFO  [org.jboss.as.server] (DeploymentScanner-threads - 1) JBAS018565: Replaced deployment "sandbox-jee6-ear.ear" with deployment "sandbox-jee6-ear.ear"
